0 verbose cli /usr/bin/node /usr/bin/npm
1 info using npm@9.2.0
2 info using node@v18.19.1
3 timing npm:load:whichnode Completed in 1ms
4 timing config:load:defaults Completed in 1ms
5 timing config:load:file:/usr/share/nodejs/npm/npmrc Completed in 1ms
6 timing config:load:builtin Completed in 1ms
7 timing config:load:cli Completed in 2ms
8 timing config:load:env Completed in 0ms
9 timing config:load:file:/home/atgin-srv-ask/.cache/typescript/5.8/.npmrc Completed in 0ms
10 timing config:load:project Completed in 1ms
11 timing config:load:file:/home/atgin-srv-ask/.npmrc Completed in 0ms
12 timing config:load:user Completed in 1ms
13 timing config:load:file:/etc/npmrc Completed in 0ms
14 timing config:load:global Completed in 0ms
15 timing config:load:setEnvs Completed in 1ms
16 timing config:load Completed in 9ms
17 timing npm:load:configload Completed in 9ms
18 timing npm:load:mkdirpcache Completed in 0ms
19 timing npm:load:mkdirplogs Completed in 0ms
20 verbose title npm install @types/react@ts5.8 @types/react-dom@ts5.8
21 verbose argv "install" "--ignore-scripts" "@types/react@ts5.8" "@types/react-dom@ts5.8" "--save-dev" "--user-agent" "typesInstaller/5.8.3"
22 timing npm:load:setTitle Completed in 2ms
23 timing config:load:flatten Completed in 2ms
24 timing npm:load:display Completed in 3ms
25 verbose logfile logs-max:10 dir:/home/atgin-srv-ask/.npm/_logs/2025-05-15T06_23_21_141Z-
26 verbose logfile /home/atgin-srv-ask/.npm/_logs/2025-05-15T06_23_21_141Z-debug-0.log
27 timing npm:load:logFile Completed in 7ms
28 timing npm:load:timers Completed in 0ms
29 timing npm:load:configScope Completed in 0ms
30 timing npm:load Completed in 22ms
31 silly logfile done cleaning log files
32 timing config:load:flatten Completed in 0ms
33 timing arborist:ctor Completed in 1ms
34 timing idealTree:init Completed in 14ms
35 timing arborist:ctor Completed in 1ms
36 http fetch GET 200 https://registry.npmjs.org/@types%2freact-dom 158ms (cache miss)
37 http fetch GET 200 https://registry.npmjs.org/@types%2freact 209ms (cache miss)
38 timing idealTree:userRequests Completed in 218ms
39 silly idealTree buildDeps
40 silly fetch manifest @types/react-dom@19.1.5
41 silly fetch manifest @types/react@19.1.4
42 silly placeDep ROOT @types/react@19.1.4 OK for:  want: 19.1.4
43 silly placeDep ROOT @types/react-dom@19.1.5 OK for:  want: 19.1.5
44 silly fetch manifest csstype@^3.0.2
45 http fetch GET 200 https://registry.npmjs.org/csstype 84ms (cache miss)
46 timing idealTree:#root Completed in 96ms
47 silly placeDep ROOT csstype@3.1.3 OK for: @types/react@19.1.4 want: ^3.0.2
48 timing idealTree:node_modules/@types/react Completed in 2ms
49 timing idealTree:node_modules/@types/react-dom Completed in 0ms
50 timing idealTree:node_modules/csstype Completed in 0ms
51 timing idealTree:buildDeps Completed in 100ms
52 timing idealTree:fixDepFlags Completed in 0ms
53 timing idealTree Completed in 332ms
54 timing reify:loadTrees Completed in 333ms
55 timing reify:diffTrees Completed in 1ms
56 silly reify moves {}
57 timing reify:retireShallow Completed in 1ms
58 timing reify:createSparse Completed in 1ms
59 timing reify:loadBundles Completed in 0ms
60 silly audit bulk request {
60 silly audit   'types-registry': [ '0.1.720' ],
60 silly audit   '@types/react': [ '19.1.4' ],
60 silly audit   '@types/react-dom': [ '19.1.5' ],
60 silly audit   csstype: [ '3.1.3' ]
60 silly audit }
61 silly tarball no local data for csstype@https://registry.npmjs.org/csstype/-/csstype-3.1.3.tgz. Extracting by manifest.
62 silly tarball no local data for @types/react@https://registry.npmjs.org/@types/react/-/react-19.1.4.tgz. Extracting by manifest.
63 silly tarball no local data for @types/react-dom@https://registry.npmjs.org/@types/react-dom/-/react-dom-19.1.5.tgz. Extracting by manifest.
64 http fetch GET 200 https://registry.npmjs.org/@types/react-dom/-/react-dom-19.1.5.tgz 110ms (cache miss)
65 timing reifyNode:node_modules/@types/react-dom Completed in 120ms
66 http fetch GET 200 https://registry.npmjs.org/csstype/-/csstype-3.1.3.tgz 150ms (cache miss)
67 timing reifyNode:node_modules/csstype Completed in 158ms
68 http fetch GET 200 https://registry.npmjs.org/@types/react/-/react-19.1.4.tgz 234ms (cache miss)
69 timing reifyNode:node_modules/@types/react Completed in 243ms
70 timing reify:unpack Completed in 243ms
71 timing reify:unretire Completed in 1ms
72 timing build:queue Completed in 0ms
73 timing build:deps Completed in 1ms
74 timing build Completed in 1ms
75 timing reify:build Completed in 1ms
76 timing reify:trash Completed in 0ms
77 timing reify:save Completed in 6ms
78 http fetch POST 200 https://registry.npmjs.org/-/npm/v1/security/advisories/bulk 283ms
79 timing auditReport:getReport Completed in 284ms
80 silly audit report {}
81 timing auditReport:init Completed in 0ms
82 timing reify:audit Completed in 286ms
83 timing reify Completed in 625ms
84 silly ADD node_modules/csstype
85 silly ADD node_modules/@types/react-dom
86 silly ADD node_modules/@types/react
87 timing command:install Completed in 630ms
88 verbose exit 0
89 timing npm Completed in 665ms
90 info ok
